=== Loaded modules ===

=== Python version ===
Python 3.10.0

=== Pip packages ===
Package         Version
--------------- -----------
cma             4.2.0
contourpy       1.3.2
cycler          0.12.1
fonttools       4.58.4
kiwisolver      1.4.8
matplotlib      3.10.3
numpy           2.2.6
packaging       25.0
pandas          2.3.0
pillow          11.2.1
pip             21.2.3
pyparsing       3.2.3
python-dateutil 2.9.0.post0
pytz            2025.2
scipy           1.15.3
setuptools      57.4.0
six             1.17.0
tzdata          2025.2

[INFO] Starting CMA-ES fitting: popsize=32, max_iter=200, seed=0

======================================================================================
                  Resource Usage on 2025-06-17 13:39:03:
   Job Id:             143209067.gadi-pbs
   Project:            ad73
   Exit Status:        -29 (Job failed due to exceeding walltime)
   Service Units:      773.39
   NCPUs Requested:    32                     NCPUs Used: 32              
                                           CPU Time Used: 04:54:57        
   Memory Requested:   48.0GB                Memory Used: 14.39GB         
   Walltime requested: 04:00:00            Walltime Used: 04:01:41        
   JobFS requested:    5.0GB                  JobFS used: 259.75MB        
======================================================================================
